[2025-04-21 13:28:48,301] INFO [Broker id=1] Transitioning 51 partition(s) to local leaders. (state.change.logger)
[2025-04-21 13:28:48,311] INFO [Broker id=1] Creating new partition __consumer_offsets-13 with topic id TOSf3G2kTXShSXlNpZAQeA. (state.change.logger)
[2025-04-21 13:28:48,362] INFO [Broker id=1] Leader __consumer_offsets-13 with topic id Some(TOSf3G2kTXShSXlNpZAQeA) starts at leader epoch 0 from offset 0 with partition epoch 0, high watermark 0, ISR [1], adding replicas [] and removing replicas [] . Previous leader None and previous leader epoch was -1. (state.change.logger)
[2025-04-21 13:28:48,369] INFO [Broker id=1] Creating new partition __consumer_offsets-46 with topic id TOSf3G2kTXShSXlNpZAQeA. (state.change.logger)
[2025-04-21 13:28:48,373] INFO [Broker id=1] Leader __consumer_offsets-46 with topic id Some(TOSf3G2kTXShSXlNpZAQeA) starts at leader epoch 0 from offset 0 with partition epoch 0, high watermark 0, ISR [1], adding replicas [] and removing replicas [] . Previous leader None and previous leader epoch was -1. (state.change.logger)
[2025-04-21 13:28:48,378] INFO [Broker id=1] Creating new partition __consumer_offsets-9 with topic id TOSf3G2kTXShSXlNpZAQeA. (state.change.logger)
[2025-04-21 13:28:48,380] INFO [Broker id=1] Leader __consumer_offsets-9 with topic id Some(TOSf3G2kTXShSXlNpZAQeA) starts at leader epoch 0 from offset 0 with partition epoch 0, high watermark 0, ISR [1], adding replicas [] and removing replicas [] . Previous leader None and previous leader epoch was -1. (state.change.logger)
[2025-04-21 13:28:48,383] INFO [Broker id=1] Creating new partition __consumer_offsets-42 with topic id TOSf3G2kTXShSXlNpZAQeA. (state.change.logger)
[2025-04-21 13:28:48,385] INFO [Broker id=1] Leader __consumer_offsets-42 with topic id Some(TOSf3G2kTXShSXlNpZAQeA) starts at leader epoch 0 from offset 0 with partition epoch 0, high watermark 0, ISR [1], adding replicas [] and removing replicas [] . Previous leader None and previous leader epoch was -1. (state.change.logger)
[2025-04-21 13:28:48,388] INFO [Broker id=1] Creating new partition __consumer_offsets-21 with topic id TOSf3G2kTXShSXlNpZAQeA. (state.change.logger)
[2025-04-21 13:28:48,389] INFO [Broker id=1] Leader __consumer_offsets-21 with topic id Some(TOSf3G2kTXShSXlNpZAQeA) starts at leader epoch 0 from offset 0 with partition epoch 0, high watermark 0, ISR [1], adding replicas [] and removing replicas [] . Previous leader None and previous leader epoch was -1. (state.change.logger)
[2025-04-21 13:28:48,393] INFO [Broker id=1] Creating new partition __consumer_offsets-17 with topic id TOSf3G2kTXShSXlNpZAQeA. (state.change.logger)
[2025-04-21 13:28:48,393] INFO [Broker id=1] Leader __consumer_offsets-17 with topic id Some(TOSf3G2kTXShSXlNpZAQeA) starts at leader epoch 0 from offset 0 with partition epoch 0, high watermark 0, ISR [1], adding replicas [] and removing replicas [] . Previous leader None and previous leader epoch was -1. (state.change.logger)
[2025-04-21 13:28:48,398] INFO [Broker id=1] Creating new partition __consumer_offsets-30 with topic id TOSf3G2kTXShSXlNpZAQeA. (state.change.logger)
[2025-04-21 13:28:48,399] INFO [Broker id=1] Leader __consumer_offsets-30 with topic id Some(TOSf3G2kTXShSXlNpZAQeA) starts at leader epoch 0 from offset 0 with partition epoch 0, high watermark 0, ISR [1], adding replicas [] and removing replicas [] . Previous leader None and previous leader epoch was -1. (state.change.logger)
[2025-04-21 13:28:48,403] INFO [Broker id=1] Creating new partition __consumer_offsets-26 with topic id TOSf3G2kTXShSXlNpZAQeA. (state.change.logger)
[2025-04-21 13:28:48,404] INFO [Broker id=1] Leader __consumer_offsets-26 with topic id Some(TOSf3G2kTXShSXlNpZAQeA) starts at leader epoch 0 from offset 0 with partition epoch 0, high watermark 0, ISR [1], adding replicas [] and removing replicas [] . Previous leader None and previous leader epoch was -1. (state.change.logger)
[2025-04-21 13:28:48,408] INFO [Broker id=1] Creating new partition __consumer_offsets-5 with topic id TOSf3G2kTXShSXlNpZAQeA. (state.change.logger)
[2025-04-21 13:28:48,410] INFO [Broker id=1] Leader __consumer_offsets-5 with topic id Some(TOSf3G2kTXShSXlNpZAQeA) starts at leader epoch 0 from offset 0 with partition epoch 0, high watermark 0, ISR [1], adding replicas [] and removing replicas [] . Previous leader None and previous leader epoch was -1. (state.change.logger)
[2025-04-21 13:28:48,413] INFO [Broker id=1] Creating new partition __consumer_offsets-38 with topic id TOSf3G2kTXShSXlNpZAQeA. (state.change.logger)
[2025-04-21 13:28:48,417] INFO [Broker id=1] Leader __consumer_offsets-38 with topic id Some(TOSf3G2kTXShSXlNpZAQeA) starts at leader epoch 0 from offset 0 with partition epoch 0, high watermark 0, ISR [1], adding replicas [] and removing replicas [] . Previous leader None and previous leader epoch was -1. (state.change.logger)
[2025-04-21 13:28:48,422] INFO [Broker id=1] Creating new partition __consumer_offsets-1 with topic id TOSf3G2kTXShSXlNpZAQeA. (state.change.logger)
[2025-04-21 13:28:48,425] INFO [Broker id=1] Leader __consumer_offsets-1 with topic id Some(TOSf3G2kTXShSXlNpZAQeA) starts at leader epoch 0 from offset 0 with partition epoch 0, high watermark 0, ISR [1], adding replicas [] and removing replicas [] . Previous leader None and previous leader epoch was -1. (state.change.logger)
[2025-04-21 13:28:48,429] INFO [Broker id=1] Creating new partition __consumer_offsets-34 with topic id TOSf3G2kTXShSXlNpZAQeA. (state.change.logger)
[2025-04-21 13:28:48,431] INFO [Broker id=1] Leader __consumer_offsets-34 with topic id Some(TOSf3G2kTXShSXlNpZAQeA) starts at leader epoch 0 from offset 0 with partition epoch 0, high watermark 0, ISR [1], adding replicas [] and removing replicas [] . Previous leader None and previous leader epoch was -1. (state.change.logger)
[2025-04-21 13:28:48,435] INFO [Broker id=1] Creating new partition __consumer_offsets-16 with topic id TOSf3G2kTXShSXlNpZAQeA. (state.change.logger)
[2025-04-21 13:28:48,437] INFO [Broker id=1] Leader __consumer_offsets-16 with topic id Some(TOSf3G2kTXShSXlNpZAQeA) starts at leader epoch 0 from offset 0 with partition epoch 0, high watermark 0, ISR [1], adding replicas [] and removing replicas [] . Previous leader None and previous leader epoch was -1. (state.change.logger)
[2025-04-21 13:28:48,442] INFO [Broker id=1] Creating new partition __consumer_offsets-45 with topic id TOSf3G2kTXShSXlNpZAQeA. (state.change.logger)
[2025-04-21 13:28:48,444] INFO [Broker id=1] Leader __consumer_offsets-45 with topic id Some(TOSf3G2kTXShSXlNpZAQeA) starts at leader epoch 0 from offset 0 with partition epoch 0, high watermark 0, ISR [1], adding replicas [] and removing replicas [] . Previous leader None and previous leader epoch was -1. (state.change.logger)
[2025-04-21 13:28:48,452] INFO [Broker id=1] Creating new partition __consumer_offsets-12 with topic id TOSf3G2kTXShSXlNpZAQeA. (state.change.logger)
[2025-04-21 13:28:48,458] INFO [Broker id=1] Leader __consumer_offsets-12 with topic id Some(TOSf3G2kTXShSXlNpZAQeA) starts at leader epoch 0 from offset 0 with partition epoch 0, high watermark 0, ISR [1], adding replicas [] and removing replicas [] . Previous leader None and previous leader epoch was -1. (state.change.logger)
[2025-04-21 13:28:48,463] INFO [Broker id=1] Creating new partition __consumer_offsets-41 with topic id TOSf3G2kTXShSXlNpZAQeA. (state.change.logger)
[2025-04-21 13:28:48,465] INFO [Broker id=1] Leader __consumer_offsets-41 with topic id Some(TOSf3G2kTXShSXlNpZAQeA) starts at leader epoch 0 from offset 0 with partition epoch 0, high watermark 0, ISR [1], adding replicas [] and removing replicas [] . Previous leader None and previous leader epoch was -1. (state.change.logger)
[2025-04-21 13:28:48,472] INFO [Broker id=1] Creating new partition __consumer_offsets-24 with topic id TOSf3G2kTXShSXlNpZAQeA. (state.change.logger)
[2025-04-21 13:28:48,474] INFO [Broker id=1] Leader __consumer_offsets-24 with topic id Some(TOSf3G2kTXShSXlNpZAQeA) starts at leader epoch 0 from offset 0 with partition epoch 0, high watermark 0, ISR [1], adding replicas [] and removing replicas [] . Previous leader None and previous leader epoch was -1. (state.change.logger)
[2025-04-21 13:28:48,479] INFO [Broker id=1] Creating new partition __consumer_offsets-20 with topic id TOSf3G2kTXShSXlNpZAQeA. (state.change.logger)
[2025-04-21 13:28:48,481] INFO [Broker id=1] Leader __consumer_offsets-20 with topic id Some(TOSf3G2kTXShSXlNpZAQeA) starts at leader epoch 0 from offset 0 with partition epoch 0, high watermark 0, ISR [1], adding replicas [] and removing replicas [] . Previous leader None and previous leader epoch was -1. (state.change.logger)
[2025-04-21 13:28:48,485] INFO [Broker id=1] Creating new partition __consumer_offsets-49 with topic id TOSf3G2kTXShSXlNpZAQeA. (state.change.logger)
[2025-04-21 13:28:48,487] INFO [Broker id=1] Leader __consumer_offsets-49 with topic id Some(TOSf3G2kTXShSXlNpZAQeA) starts at leader epoch 0 from offset 0 with partition epoch 0, high watermark 0, ISR [1], adding replicas [] and removing replicas [] . Previous leader None and previous leader epoch was -1. (state.change.logger)
[2025-04-21 13:28:48,492] INFO [Broker id=1] Creating new partition __consumer_offsets-0 with topic id TOSf3G2kTXShSXlNpZAQeA. (state.change.logger)
[2025-04-21 13:28:48,494] INFO [Broker id=1] Leader __consumer_offsets-0 with topic id Some(TOSf3G2kTXShSXlNpZAQeA) starts at leader epoch 0 from offset 0 with partition epoch 0, high watermark 0, ISR [1], adding replicas [] and removing replicas [] . Previous leader None and previous leader epoch was -1. (state.change.logger)
[2025-04-21 13:28:48,498] INFO [Broker id=1] Creating new partition __consumer_offsets-29 with topic id TOSf3G2kTXShSXlNpZAQeA. (state.change.logger)
[2025-04-21 13:28:48,500] INFO [Broker id=1] Leader __consumer_offsets-29 with topic id Some(TOSf3G2kTXShSXlNpZAQeA) starts at leader epoch 0 from offset 0 with partition epoch 0, high watermark 0, ISR [1], adding replicas [] and removing replicas [] . Previous leader None and previous leader epoch was -1. (state.change.logger)
[2025-04-21 13:28:48,505] INFO [Broker id=1] Creating new partition __consumer_offsets-25 with topic id TOSf3G2kTXShSXlNpZAQeA. (state.change.logger)
[2025-04-21 13:28:48,509] INFO [Broker id=1] Leader __consumer_offsets-25 with topic id Some(TOSf3G2kTXShSXlNpZAQeA) starts at leader epoch 0 from offset 0 with partition epoch 0, high watermark 0, ISR [1], adding replicas [] and removing replicas [] . Previous leader None and previous leader epoch was -1. (state.change.logger)
[2025-04-21 13:28:48,512] INFO [Broker id=1] Creating new partition __consumer_offsets-8 with topic id TOSf3G2kTXShSXlNpZAQeA. (state.change.logger)
[2025-04-21 13:28:48,513] INFO [Broker id=1] Leader __consumer_offsets-8 with topic id Some(TOSf3G2kTXShSXlNpZAQeA) starts at leader epoch 0 from offset 0 with partition epoch 0, high watermark 0, ISR [1], adding replicas [] and removing replicas [] . Previous leader None and previous leader epoch was -1. (state.change.logger)
[2025-04-21 13:28:48,516] INFO [Broker id=1] Creating new partition __consumer_offsets-37 with topic id TOSf3G2kTXShSXlNpZAQeA. (state.change.logger)
[2025-04-21 13:28:48,518] INFO [Broker id=1] Leader __consumer_offsets-37 with topic id Some(TOSf3G2kTXShSXlNpZAQeA) starts at leader epoch 0 from offset 0 with partition epoch 0, high watermark 0, ISR [1], adding replicas [] and removing replicas [] . Previous leader None and previous leader epoch was -1. (state.change.logger)
[2025-04-21 13:28:48,521] INFO [Broker id=1] Creating new partition __consumer_offsets-4 with topic id TOSf3G2kTXShSXlNpZAQeA. (state.change.logger)
[2025-04-21 13:28:48,523] INFO [Broker id=1] Leader __consumer_offsets-4 with topic id Some(TOSf3G2kTXShSXlNpZAQeA) starts at leader epoch 0 from offset 0 with partition epoch 0, high watermark 0, ISR [1], adding replicas [] and removing replicas [] . Previous leader None and previous leader epoch was -1. (state.change.logger)
[2025-04-21 13:28:48,527] INFO [Broker id=1] Creating new partition __consumer_offsets-33 with topic id TOSf3G2kTXShSXlNpZAQeA. (state.change.logger)
[2025-04-21 13:28:48,528] INFO [Broker id=1] Leader __consumer_offsets-33 with topic id Some(TOSf3G2kTXShSXlNpZAQeA) starts at leader epoch 0 from offset 0 with partition epoch 0, high watermark 0, ISR [1], adding replicas [] and removing replicas [] . Previous leader None and previous leader epoch was -1. (state.change.logger)
[2025-04-21 13:28:48,532] INFO [Broker id=1] Creating new partition __consumer_offsets-15 with topic id TOSf3G2kTXShSXlNpZAQeA. (state.change.logger)
[2025-04-21 13:28:48,534] INFO [Broker id=1] Leader __consumer_offsets-15 with topic id Some(TOSf3G2kTXShSXlNpZAQeA) starts at leader epoch 0 from offset 0 with partition epoch 0, high watermark 0, ISR [1], adding replicas [] and removing replicas [] . Previous leader None and previous leader epoch was -1. (state.change.logger)
[2025-04-21 13:28:48,538] INFO [Broker id=1] Creating new partition __consumer_offsets-48 with topic id TOSf3G2kTXShSXlNpZAQeA. (state.change.logger)
[2025-04-21 13:28:48,539] INFO [Broker id=1] Leader __consumer_offsets-48 with topic id Some(TOSf3G2kTXShSXlNpZAQeA) starts at leader epoch 0 from offset 0 with partition epoch 0, high watermark 0, ISR [1], adding replicas [] and removing replicas [] . Previous leader None and previous leader epoch was -1. (state.change.logger)
[2025-04-21 13:28:48,543] INFO [Broker id=1] Creating new partition __consumer_offsets-11 with topic id TOSf3G2kTXShSXlNpZAQeA. (state.change.logger)
[2025-04-21 13:28:48,545] INFO [Broker id=1] Leader __consumer_offsets-11 with topic id Some(TOSf3G2kTXShSXlNpZAQeA) starts at leader epoch 0 from offset 0 with partition epoch 0, high watermark 0, ISR [1], adding replicas [] and removing replicas [] . Previous leader None and previous leader epoch was -1. (state.change.logger)
[2025-04-21 13:28:48,549] INFO [Broker id=1] Creating new partition __consumer_offsets-44 with topic id TOSf3G2kTXShSXlNpZAQeA. (state.change.logger)
[2025-04-21 13:28:48,550] INFO [Broker id=1] Leader __consumer_offsets-44 with topic id Some(TOSf3G2kTXShSXlNpZAQeA) starts at leader epoch 0 from offset 0 with partition epoch 0, high watermark 0, ISR [1], adding replicas [] and removing replicas [] . Previous leader None and previous leader epoch was -1. (state.change.logger)
[2025-04-21 13:28:48,554] INFO [Broker id=1] Creating new partition __consumer_offsets-23 with topic id TOSf3G2kTXShSXlNpZAQeA. (state.change.logger)
[2025-04-21 13:28:48,555] INFO [Broker id=1] Leader __consumer_offsets-23 with topic id Some(TOSf3G2kTXShSXlNpZAQeA) starts at leader epoch 0 from offset 0 with partition epoch 0, high watermark 0, ISR [1], adding replicas [] and removing replicas [] . Previous leader None and previous leader epoch was -1. (state.change.logger)
[2025-04-21 13:28:48,558] INFO [Broker id=1] Creating new partition alarm-topic-0 with topic id Da_IZYUmQ1u-xN4jfmngbw. (state.change.logger)
[2025-04-21 13:28:48,559] INFO [Broker id=1] Leader alarm-topic-0 with topic id Some(Da_IZYUmQ1u-xN4jfmngbw) starts at leader epoch 0 from offset 1 with partition epoch 0, high watermark 1, ISR [1], adding replicas [] and removing replicas [] . Previous leader None and previous leader epoch was -1. (state.change.logger)
[2025-04-21 13:28:48,559] INFO [Broker id=1] Creating new partition __consumer_offsets-19 with topic id TOSf3G2kTXShSXlNpZAQeA. (state.change.logger)
[2025-04-21 13:28:48,560] INFO [Broker id=1] Leader __consumer_offsets-19 with topic id Some(TOSf3G2kTXShSXlNpZAQeA) starts at leader epoch 0 from offset 0 with partition epoch 0, high watermark 0, ISR [1], adding replicas [] and removing replicas [] . Previous leader None and previous leader epoch was -1. (state.change.logger)
[2025-04-21 13:28:48,563] INFO [Broker id=1] Creating new partition __consumer_offsets-32 with topic id TOSf3G2kTXShSXlNpZAQeA. (state.change.logger)
[2025-04-21 13:28:48,565] INFO [Broker id=1] Leader __consumer_offsets-32 with topic id Some(TOSf3G2kTXShSXlNpZAQeA) starts at leader epoch 0 from offset 0 with partition epoch 0, high watermark 0, ISR [1], adding replicas [] and removing replicas [] . Previous leader None and previous leader epoch was -1. (state.change.logger)
[2025-04-21 13:28:48,569] INFO [Broker id=1] Creating new partition __consumer_offsets-28 with topic id TOSf3G2kTXShSXlNpZAQeA. (state.change.logger)
[2025-04-21 13:28:48,570] INFO [Broker id=1] Leader __consumer_offsets-28 with topic id Some(TOSf3G2kTXShSXlNpZAQeA) starts at leader epoch 0 from offset 0 with partition epoch 0, high watermark 0, ISR [1], adding replicas [] and removing replicas [] . Previous leader None and previous leader epoch was -1. (state.change.logger)
[2025-04-21 13:28:48,573] INFO [Broker id=1] Creating new partition __consumer_offsets-7 with topic id TOSf3G2kTXShSXlNpZAQeA. (state.change.logger)
[2025-04-21 13:28:48,574] INFO [Broker id=1] Leader __consumer_offsets-7 with topic id Some(TOSf3G2kTXShSXlNpZAQeA) starts at leader epoch 0 from offset 3 with partition epoch 0, high watermark 3, ISR [1], adding replicas [] and removing replicas [] . Previous leader None and previous leader epoch was -1. (state.change.logger)
[2025-04-21 13:28:48,575] INFO [Broker id=1] Creating new partition __consumer_offsets-40 with topic id TOSf3G2kTXShSXlNpZAQeA. (state.change.logger)
[2025-04-21 13:28:48,576] INFO [Broker id=1] Leader __consumer_offsets-40 with topic id Some(TOSf3G2kTXShSXlNpZAQeA) starts at leader epoch 0 from offset 0 with partition epoch 0, high watermark 0, ISR [1], adding replicas [] and removing replicas [] . Previous leader None and previous leader epoch was -1. (state.change.logger)
[2025-04-21 13:28:48,580] INFO [Broker id=1] Creating new partition __consumer_offsets-3 with topic id TOSf3G2kTXShSXlNpZAQeA. (state.change.logger)
[2025-04-21 13:28:48,581] INFO [Broker id=1] Leader __consumer_offsets-3 with topic id Some(TOSf3G2kTXShSXlNpZAQeA) starts at leader epoch 0 from offset 0 with partition epoch 0, high watermark 0, ISR [1], adding replicas [] and removing replicas [] . Previous leader None and previous leader epoch was -1. (state.change.logger)
[2025-04-21 13:28:48,586] INFO [Broker id=1] Creating new partition __consumer_offsets-36 with topic id TOSf3G2kTXShSXlNpZAQeA. (state.change.logger)
[2025-04-21 13:28:48,588] INFO [Broker id=1] Leader __consumer_offsets-36 with topic id Some(TOSf3G2kTXShSXlNpZAQeA) starts at leader epoch 0 from offset 0 with partition epoch 0, high watermark 0, ISR [1], adding replicas [] and removing replicas [] . Previous leader None and previous leader epoch was -1. (state.change.logger)
[2025-04-21 13:28:48,591] INFO [Broker id=1] Creating new partition __consumer_offsets-47 with topic id TOSf3G2kTXShSXlNpZAQeA. (state.change.logger)
[2025-04-21 13:28:48,592] INFO [Broker id=1] Leader __consumer_offsets-47 with topic id Some(TOSf3G2kTXShSXlNpZAQeA) starts at leader epoch 0 from offset 0 with partition epoch 0, high watermark 0, ISR [1], adding replicas [] and removing replicas [] . Previous leader None and previous leader epoch was -1. (state.change.logger)
[2025-04-21 13:28:48,595] INFO [Broker id=1] Creating new partition __consumer_offsets-14 with topic id TOSf3G2kTXShSXlNpZAQeA. (state.change.logger)
[2025-04-21 13:28:48,595] INFO [Broker id=1] Leader __consumer_offsets-14 with topic id Some(TOSf3G2kTXShSXlNpZAQeA) starts at leader epoch 0 from offset 0 with partition epoch 0, high watermark 0, ISR [1], adding replicas [] and removing replicas [] . Previous leader None and previous leader epoch was -1. (state.change.logger)
[2025-04-21 13:28:48,598] INFO [Broker id=1] Creating new partition __consumer_offsets-43 with topic id TOSf3G2kTXShSXlNpZAQeA. (state.change.logger)
[2025-04-21 13:28:48,600] INFO [Broker id=1] Leader __consumer_offsets-43 with topic id Some(TOSf3G2kTXShSXlNpZAQeA) starts at leader epoch 0 from offset 0 with partition epoch 0, high watermark 0, ISR [1], adding replicas [] and removing replicas [] . Previous leader None and previous leader epoch was -1. (state.change.logger)
[2025-04-21 13:28:48,603] INFO [Broker id=1] Creating new partition __consumer_offsets-10 with topic id TOSf3G2kTXShSXlNpZAQeA. (state.change.logger)
[2025-04-21 13:28:48,605] INFO [Broker id=1] Leader __consumer_offsets-10 with topic id Some(TOSf3G2kTXShSXlNpZAQeA) starts at leader epoch 0 from offset 0 with partition epoch 0, high watermark 0, ISR [1], adding replicas [] and removing replicas [] . Previous leader None and previous leader epoch was -1. (state.change.logger)
[2025-04-21 13:28:48,608] INFO [Broker id=1] Creating new partition __consumer_offsets-22 with topic id TOSf3G2kTXShSXlNpZAQeA. (state.change.logger)
[2025-04-21 13:28:48,610] INFO [Broker id=1] Leader __consumer_offsets-22 with topic id Some(TOSf3G2kTXShSXlNpZAQeA) starts at leader epoch 0 from offset 0 with partition epoch 0, high watermark 0, ISR [1], adding replicas [] and removing replicas [] . Previous leader None and previous leader epoch was -1. (state.change.logger)
[2025-04-21 13:28:48,613] INFO [Broker id=1] Creating new partition __consumer_offsets-18 with topic id TOSf3G2kTXShSXlNpZAQeA. (state.change.logger)
[2025-04-21 13:28:48,615] INFO [Broker id=1] Leader __consumer_offsets-18 with topic id Some(TOSf3G2kTXShSXlNpZAQeA) starts at leader epoch 0 from offset 0 with partition epoch 0, high watermark 0, ISR [1], adding replicas [] and removing replicas [] . Previous leader None and previous leader epoch was -1. (state.change.logger)
[2025-04-21 13:28:48,619] INFO [Broker id=1] Creating new partition __consumer_offsets-31 with topic id TOSf3G2kTXShSXlNpZAQeA. (state.change.logger)
[2025-04-21 13:28:48,621] INFO [Broker id=1] Leader __consumer_offsets-31 with topic id Some(TOSf3G2kTXShSXlNpZAQeA) starts at leader epoch 0 from offset 0 with partition epoch 0, high watermark 0, ISR [1], adding replicas [] and removing replicas [] . Previous leader None and previous leader epoch was -1. (state.change.logger)
[2025-04-21 13:28:48,626] INFO [Broker id=1] Creating new partition __consumer_offsets-27 with topic id TOSf3G2kTXShSXlNpZAQeA. (state.change.logger)
[2025-04-21 13:28:48,627] INFO [Broker id=1] Leader __consumer_offsets-27 with topic id Some(TOSf3G2kTXShSXlNpZAQeA) starts at leader epoch 0 from offset 0 with partition epoch 0, high watermark 0, ISR [1], adding replicas [] and removing replicas [] . Previous leader None and previous leader epoch was -1. (state.change.logger)
[2025-04-21 13:28:48,630] INFO [Broker id=1] Creating new partition __consumer_offsets-39 with topic id TOSf3G2kTXShSXlNpZAQeA. (state.change.logger)
[2025-04-21 13:28:48,632] INFO [Broker id=1] Leader __consumer_offsets-39 with topic id Some(TOSf3G2kTXShSXlNpZAQeA) starts at leader epoch 0 from offset 0 with partition epoch 0, high watermark 0, ISR [1], adding replicas [] and removing replicas [] . Previous leader None and previous leader epoch was -1. (state.change.logger)
[2025-04-21 13:28:48,635] INFO [Broker id=1] Creating new partition __consumer_offsets-6 with topic id TOSf3G2kTXShSXlNpZAQeA. (state.change.logger)
[2025-04-21 13:28:48,636] INFO [Broker id=1] Leader __consumer_offsets-6 with topic id Some(TOSf3G2kTXShSXlNpZAQeA) starts at leader epoch 0 from offset 0 with partition epoch 0, high watermark 0, ISR [1], adding replicas [] and removing replicas [] . Previous leader None and previous leader epoch was -1. (state.change.logger)
[2025-04-21 13:28:48,640] INFO [Broker id=1] Creating new partition __consumer_offsets-35 with topic id TOSf3G2kTXShSXlNpZAQeA. (state.change.logger)
[2025-04-21 13:28:48,640] INFO [Broker id=1] Leader __consumer_offsets-35 with topic id Some(TOSf3G2kTXShSXlNpZAQeA) starts at leader epoch 0 from offset 0 with partition epoch 0, high watermark 0, ISR [1], adding replicas [] and removing replicas [] . Previous leader None and previous leader epoch was -1. (state.change.logger)
[2025-04-21 13:28:48,644] INFO [Broker id=1] Creating new partition __consumer_offsets-2 with topic id TOSf3G2kTXShSXlNpZAQeA. (state.change.logger)
[2025-04-21 13:28:48,644] INFO [Broker id=1] Leader __consumer_offsets-2 with topic id Some(TOSf3G2kTXShSXlNpZAQeA) starts at leader epoch 0 from offset 0 with partition epoch 0, high watermark 0, ISR [1], adding replicas [] and removing replicas [] . Previous leader None and previous leader epoch was -1. (state.change.logger)
[2025-04-21 13:28:56,371] INFO [Broker id=1] Transitioning 51 partition(s) to local followers. (state.change.logger)
[2025-04-21 13:28:56,379] INFO [Broker id=1] Follower __consumer_offsets-13 starts at leader epoch 1 from offset 0 with partition epoch 1 and high watermark 0. Current leader is -1. Previous leader Some(-1) and previous leader epoch was 1. (state.change.logger)
[2025-04-21 13:28:56,379] INFO [Broker id=1] Follower __consumer_offsets-46 starts at leader epoch 1 from offset 0 with partition epoch 1 and high watermark 0. Current leader is -1. Previous leader Some(-1) and previous leader epoch was 1. (state.change.logger)
[2025-04-21 13:28:56,379] INFO [Broker id=1] Follower __consumer_offsets-9 starts at leader epoch 1 from offset 0 with partition epoch 1 and high watermark 0. Current leader is -1. Previous leader Some(-1) and previous leader epoch was 1. (state.change.logger)
[2025-04-21 13:28:56,380] INFO [Broker id=1] Follower __consumer_offsets-42 starts at leader epoch 1 from offset 0 with partition epoch 1 and high watermark 0. Current leader is -1. Previous leader Some(-1) and previous leader epoch was 1. (state.change.logger)
[2025-04-21 13:28:56,380] INFO [Broker id=1] Follower __consumer_offsets-21 starts at leader epoch 1 from offset 0 with partition epoch 1 and high watermark 0. Current leader is -1. Previous leader Some(-1) and previous leader epoch was 1. (state.change.logger)
[2025-04-21 13:28:56,380] INFO [Broker id=1] Follower __consumer_offsets-17 starts at leader epoch 1 from offset 0 with partition epoch 1 and high watermark 0. Current leader is -1. Previous leader Some(-1) and previous leader epoch was 1. (state.change.logger)
[2025-04-21 13:28:56,380] INFO [Broker id=1] Follower __consumer_offsets-30 starts at leader epoch 1 from offset 0 with partition epoch 1 and high watermark 0. Current leader is -1. Previous leader Some(-1) and previous leader epoch was 1. (state.change.logger)
[2025-04-21 13:28:56,380] INFO [Broker id=1] Follower __consumer_offsets-26 starts at leader epoch 1 from offset 0 with partition epoch 1 and high watermark 0. Current leader is -1. Previous leader Some(-1) and previous leader epoch was 1. (state.change.logger)
[2025-04-21 13:28:56,380] INFO [Broker id=1] Follower __consumer_offsets-5 starts at leader epoch 1 from offset 0 with partition epoch 1 and high watermark 0. Current leader is -1. Previous leader Some(-1) and previous leader epoch was 1. (state.change.logger)
[2025-04-21 13:28:56,380] INFO [Broker id=1] Follower __consumer_offsets-38 starts at leader epoch 1 from offset 0 with partition epoch 1 and high watermark 0. Current leader is -1. Previous leader Some(-1) and previous leader epoch was 1. (state.change.logger)
[2025-04-21 13:28:56,380] INFO [Broker id=1] Follower __consumer_offsets-1 starts at leader epoch 1 from offset 0 with partition epoch 1 and high watermark 0. Current leader is -1. Previous leader Some(-1) and previous leader epoch was 1. (state.change.logger)
[2025-04-21 13:28:56,380] INFO [Broker id=1] Follower __consumer_offsets-34 starts at leader epoch 1 from offset 0 with partition epoch 1 and high watermark 0. Current leader is -1. Previous leader Some(-1) and previous leader epoch was 1. (state.change.logger)
[2025-04-21 13:28:56,381] INFO [Broker id=1] Follower __consumer_offsets-16 starts at leader epoch 1 from offset 0 with partition epoch 1 and high watermark 0. Current leader is -1. Previous leader Some(-1) and previous leader epoch was 1. (state.change.logger)
[2025-04-21 13:28:56,381] INFO [Broker id=1] Follower __consumer_offsets-45 starts at leader epoch 1 from offset 0 with partition epoch 1 and high watermark 0. Current leader is -1. Previous leader Some(-1) and previous leader epoch was 1. (state.change.logger)
[2025-04-21 13:28:56,381] INFO [Broker id=1] Follower __consumer_offsets-12 starts at leader epoch 1 from offset 0 with partition epoch 1 and high watermark 0. Current leader is -1. Previous leader Some(-1) and previous leader epoch was 1. (state.change.logger)
[2025-04-21 13:28:56,381] INFO [Broker id=1] Follower __consumer_offsets-41 starts at leader epoch 1 from offset 0 with partition epoch 1 and high watermark 0. Current leader is -1. Previous leader Some(-1) and previous leader epoch was 1. (state.change.logger)
[2025-04-21 13:28:56,381] INFO [Broker id=1] Follower __consumer_offsets-24 starts at leader epoch 1 from offset 0 with partition epoch 1 and high watermark 0. Current leader is -1. Previous leader Some(-1) and previous leader epoch was 1. (state.change.logger)
[2025-04-21 13:28:56,381] INFO [Broker id=1] Follower __consumer_offsets-20 starts at leader epoch 1 from offset 0 with partition epoch 1 and high watermark 0. Current leader is -1. Previous leader Some(-1) and previous leader epoch was 1. (state.change.logger)
[2025-04-21 13:28:56,381] INFO [Broker id=1] Follower __consumer_offsets-49 starts at leader epoch 1 from offset 0 with partition epoch 1 and high watermark 0. Current leader is -1. Previous leader Some(-1) and previous leader epoch was 1. (state.change.logger)
[2025-04-21 13:28:56,381] INFO [Broker id=1] Follower __consumer_offsets-0 starts at leader epoch 1 from offset 0 with partition epoch 1 and high watermark 0. Current leader is -1. Previous leader Some(-1) and previous leader epoch was 1. (state.change.logger)
[2025-04-21 13:28:56,381] INFO [Broker id=1] Follower __consumer_offsets-29 starts at leader epoch 1 from offset 0 with partition epoch 1 and high watermark 0. Current leader is -1. Previous leader Some(-1) and previous leader epoch was 1. (state.change.logger)
[2025-04-21 13:28:56,381] INFO [Broker id=1] Follower __consumer_offsets-25 starts at leader epoch 1 from offset 0 with partition epoch 1 and high watermark 0. Current leader is -1. Previous leader Some(-1) and previous leader epoch was 1. (state.change.logger)
[2025-04-21 13:28:56,381] INFO [Broker id=1] Follower __consumer_offsets-8 starts at leader epoch 1 from offset 0 with partition epoch 1 and high watermark 0. Current leader is -1. Previous leader Some(-1) and previous leader epoch was 1. (state.change.logger)
[2025-04-21 13:28:56,381] INFO [Broker id=1] Follower __consumer_offsets-37 starts at leader epoch 1 from offset 0 with partition epoch 1 and high watermark 0. Current leader is -1. Previous leader Some(-1) and previous leader epoch was 1. (state.change.logger)
[2025-04-21 13:28:56,381] INFO [Broker id=1] Follower __consumer_offsets-4 starts at leader epoch 1 from offset 0 with partition epoch 1 and high watermark 0. Current leader is -1. Previous leader Some(-1) and previous leader epoch was 1. (state.change.logger)
[2025-04-21 13:28:56,381] INFO [Broker id=1] Follower __consumer_offsets-33 starts at leader epoch 1 from offset 0 with partition epoch 1 and high watermark 0. Current leader is -1. Previous leader Some(-1) and previous leader epoch was 1. (state.change.logger)
[2025-04-21 13:28:56,382] INFO [Broker id=1] Follower __consumer_offsets-15 starts at leader epoch 1 from offset 0 with partition epoch 1 and high watermark 0. Current leader is -1. Previous leader Some(-1) and previous leader epoch was 1. (state.change.logger)
[2025-04-21 13:28:56,382] INFO [Broker id=1] Follower __consumer_offsets-48 starts at leader epoch 1 from offset 0 with partition epoch 1 and high watermark 0. Current leader is -1. Previous leader Some(-1) and previous leader epoch was 1. (state.change.logger)
[2025-04-21 13:28:56,382] INFO [Broker id=1] Follower __consumer_offsets-11 starts at leader epoch 1 from offset 0 with partition epoch 1 and high watermark 0. Current leader is -1. Previous leader Some(-1) and previous leader epoch was 1. (state.change.logger)
[2025-04-21 13:28:56,382] INFO [Broker id=1] Follower __consumer_offsets-44 starts at leader epoch 1 from offset 0 with partition epoch 1 and high watermark 0. Current leader is -1. Previous leader Some(-1) and previous leader epoch was 1. (state.change.logger)
[2025-04-21 13:28:56,382] INFO [Broker id=1] Follower __consumer_offsets-23 starts at leader epoch 1 from offset 0 with partition epoch 1 and high watermark 0. Current leader is -1. Previous leader Some(-1) and previous leader epoch was 1. (state.change.logger)
[2025-04-21 13:28:56,382] INFO [Broker id=1] Follower alarm-topic-0 starts at leader epoch 1 from offset 1 with partition epoch 1 and high watermark 1. Current leader is -1. Previous leader Some(-1) and previous leader epoch was 1. (state.change.logger)
[2025-04-21 13:28:56,382] INFO [Broker id=1] Follower __consumer_offsets-19 starts at leader epoch 1 from offset 0 with partition epoch 1 and high watermark 0. Current leader is -1. Previous leader Some(-1) and previous leader epoch was 1. (state.change.logger)
[2025-04-21 13:28:56,382] INFO [Broker id=1] Follower __consumer_offsets-32 starts at leader epoch 1 from offset 0 with partition epoch 1 and high watermark 0. Current leader is -1. Previous leader Some(-1) and previous leader epoch was 1. (state.change.logger)
[2025-04-21 13:28:56,382] INFO [Broker id=1] Follower __consumer_offsets-28 starts at leader epoch 1 from offset 0 with partition epoch 1 and high watermark 0. Current leader is -1. Previous leader Some(-1) and previous leader epoch was 1. (state.change.logger)
[2025-04-21 13:28:56,382] INFO [Broker id=1] Follower __consumer_offsets-7 starts at leader epoch 1 from offset 3 with partition epoch 1 and high watermark 3. Current leader is -1. Previous leader Some(-1) and previous leader epoch was 1. (state.change.logger)
[2025-04-21 13:28:56,382] INFO [Broker id=1] Follower __consumer_offsets-40 starts at leader epoch 1 from offset 0 with partition epoch 1 and high watermark 0. Current leader is -1. Previous leader Some(-1) and previous leader epoch was 1. (state.change.logger)
[2025-04-21 13:28:56,382] INFO [Broker id=1] Follower __consumer_offsets-3 starts at leader epoch 1 from offset 0 with partition epoch 1 and high watermark 0. Current leader is -1. Previous leader Some(-1) and previous leader epoch was 1. (state.change.logger)
[2025-04-21 13:28:56,382] INFO [Broker id=1] Follower __consumer_offsets-36 starts at leader epoch 1 from offset 0 with partition epoch 1 and high watermark 0. Current leader is -1. Previous leader Some(-1) and previous leader epoch was 1. (state.change.logger)
[2025-04-21 13:28:56,382] INFO [Broker id=1] Follower __consumer_offsets-47 starts at leader epoch 1 from offset 0 with partition epoch 1 and high watermark 0. Current leader is -1. Previous leader Some(-1) and previous leader epoch was 1. (state.change.logger)
[2025-04-21 13:28:56,383] INFO [Broker id=1] Follower __consumer_offsets-14 starts at leader epoch 1 from offset 0 with partition epoch 1 and high watermark 0. Current leader is -1. Previous leader Some(-1) and previous leader epoch was 1. (state.change.logger)
[2025-04-21 13:28:56,383] INFO [Broker id=1] Follower __consumer_offsets-43 starts at leader epoch 1 from offset 0 with partition epoch 1 and high watermark 0. Current leader is -1. Previous leader Some(-1) and previous leader epoch was 1. (state.change.logger)
[2025-04-21 13:28:56,383] INFO [Broker id=1] Follower __consumer_offsets-10 starts at leader epoch 1 from offset 0 with partition epoch 1 and high watermark 0. Current leader is -1. Previous leader Some(-1) and previous leader epoch was 1. (state.change.logger)
[2025-04-21 13:28:56,383] INFO [Broker id=1] Follower __consumer_offsets-22 starts at leader epoch 1 from offset 0 with partition epoch 1 and high watermark 0. Current leader is -1. Previous leader Some(-1) and previous leader epoch was 1. (state.change.logger)
[2025-04-21 13:28:56,383] INFO [Broker id=1] Follower __consumer_offsets-18 starts at leader epoch 1 from offset 0 with partition epoch 1 and high watermark 0. Current leader is -1. Previous leader Some(-1) and previous leader epoch was 1. (state.change.logger)
[2025-04-21 13:28:56,383] INFO [Broker id=1] Follower __consumer_offsets-31 starts at leader epoch 1 from offset 0 with partition epoch 1 and high watermark 0. Current leader is -1. Previous leader Some(-1) and previous leader epoch was 1. (state.change.logger)
[2025-04-21 13:28:56,383] INFO [Broker id=1] Follower __consumer_offsets-27 starts at leader epoch 1 from offset 0 with partition epoch 1 and high watermark 0. Current leader is -1. Previous leader Some(-1) and previous leader epoch was 1. (state.change.logger)
[2025-04-21 13:28:56,383] INFO [Broker id=1] Follower __consumer_offsets-39 starts at leader epoch 1 from offset 0 with partition epoch 1 and high watermark 0. Current leader is -1. Previous leader Some(-1) and previous leader epoch was 1. (state.change.logger)
[2025-04-21 13:28:56,383] INFO [Broker id=1] Follower __consumer_offsets-6 starts at leader epoch 1 from offset 0 with partition epoch 1 and high watermark 0. Current leader is -1. Previous leader Some(-1) and previous leader epoch was 1. (state.change.logger)
[2025-04-21 13:28:56,383] INFO [Broker id=1] Follower __consumer_offsets-35 starts at leader epoch 1 from offset 0 with partition epoch 1 and high watermark 0. Current leader is -1. Previous leader Some(-1) and previous leader epoch was 1. (state.change.logger)
[2025-04-21 13:28:56,383] INFO [Broker id=1] Follower __consumer_offsets-2 starts at leader epoch 1 from offset 0 with partition epoch 1 and high watermark 0. Current leader is -1. Previous leader Some(-1) and previous leader epoch was 1. (state.change.logger)
[2025-04-21 13:28:56,384] INFO [Broker id=1] Stopped fetchers as part of become-follower for 51 partitions (state.change.logger)
[2025-04-21 13:28:56,386] INFO [Broker id=1] Started fetchers as part of become-follower for 51 partitions (state.change.logger)
[2025-04-21 13:28:58,361] INFO [Broker id=1] Transitioning 51 partition(s) to local leaders. (state.change.logger)
[2025-04-21 13:28:58,361] INFO [Broker id=1] Leader __consumer_offsets-13 with topic id Some(TOSf3G2kTXShSXlNpZAQeA) starts at leader epoch 2 from offset 0 with partition epoch 2, high watermark 0, ISR [1], adding replicas [] and removing replicas [] . Previous leader Some(-1) and previous leader epoch was 1. (state.change.logger)
[2025-04-21 13:28:58,365] INFO [Broker id=1] Leader __consumer_offsets-46 with topic id Some(TOSf3G2kTXShSXlNpZAQeA) starts at leader epoch 2 from offset 0 with partition epoch 2, high watermark 0, ISR [1], adding replicas [] and removing replicas [] . Previous leader Some(-1) and previous leader epoch was 1. (state.change.logger)
[2025-04-21 13:28:58,368] INFO [Broker id=1] Leader __consumer_offsets-9 with topic id Some(TOSf3G2kTXShSXlNpZAQeA) starts at leader epoch 2 from offset 0 with partition epoch 2, high watermark 0, ISR [1], adding replicas [] and removing replicas [] . Previous leader Some(-1) and previous leader epoch was 1. (state.change.logger)
[2025-04-21 13:28:58,371] INFO [Broker id=1] Leader __consumer_offsets-42 with topic id Some(TOSf3G2kTXShSXlNpZAQeA) starts at leader epoch 2 from offset 0 with partition epoch 2, high watermark 0, ISR [1], adding replicas [] and removing replicas [] . Previous leader Some(-1) and previous leader epoch was 1. (state.change.logger)
[2025-04-21 13:28:58,376] INFO [Broker id=1] Leader __consumer_offsets-21 with topic id Some(TOSf3G2kTXShSXlNpZAQeA) starts at leader epoch 2 from offset 0 with partition epoch 2, high watermark 0, ISR [1], adding replicas [] and removing replicas [] . Previous leader Some(-1) and previous leader epoch was 1. (state.change.logger)
[2025-04-21 13:28:58,380] INFO [Broker id=1] Leader __consumer_offsets-17 with topic id Some(TOSf3G2kTXShSXlNpZAQeA) starts at leader epoch 2 from offset 0 with partition epoch 2, high watermark 0, ISR [1], adding replicas [] and removing replicas [] . Previous leader Some(-1) and previous leader epoch was 1. (state.change.logger)
[2025-04-21 13:28:58,383] INFO [Broker id=1] Leader __consumer_offsets-30 with topic id Some(TOSf3G2kTXShSXlNpZAQeA) starts at leader epoch 2 from offset 0 with partition epoch 2, high watermark 0, ISR [1], adding replicas [] and removing replicas [] . Previous leader Some(-1) and previous leader epoch was 1. (state.change.logger)
[2025-04-21 13:28:58,385] INFO [Broker id=1] Leader __consumer_offsets-26 with topic id Some(TOSf3G2kTXShSXlNpZAQeA) starts at leader epoch 2 from offset 0 with partition epoch 2, high watermark 0, ISR [1], adding replicas [] and removing replicas [] . Previous leader Some(-1) and previous leader epoch was 1. (state.change.logger)
[2025-04-21 13:28:58,389] INFO [Broker id=1] Leader __consumer_offsets-5 with topic id Some(TOSf3G2kTXShSXlNpZAQeA) starts at leader epoch 2 from offset 0 with partition epoch 2, high watermark 0, ISR [1], adding replicas [] and removing replicas [] . Previous leader Some(-1) and previous leader epoch was 1. (state.change.logger)
[2025-04-21 13:28:58,392] INFO [Broker id=1] Leader __consumer_offsets-38 with topic id Some(TOSf3G2kTXShSXlNpZAQeA) starts at leader epoch 2 from offset 0 with partition epoch 2, high watermark 0, ISR [1], adding replicas [] and removing replicas [] . Previous leader Some(-1) and previous leader epoch was 1. (state.change.logger)
[2025-04-21 13:28:58,396] INFO [Broker id=1] Leader __consumer_offsets-1 with topic id Some(TOSf3G2kTXShSXlNpZAQeA) starts at leader epoch 2 from offset 0 with partition epoch 2, high watermark 0, ISR [1], adding replicas [] and removing replicas [] . Previous leader Some(-1) and previous leader epoch was 1. (state.change.logger)
[2025-04-21 13:28:58,399] INFO [Broker id=1] Leader __consumer_offsets-34 with topic id Some(TOSf3G2kTXShSXlNpZAQeA) starts at leader epoch 2 from offset 0 with partition epoch 2, high watermark 0, ISR [1], adding replicas [] and removing replicas [] . Previous leader Some(-1) and previous leader epoch was 1. (state.change.logger)
[2025-04-21 13:28:58,402] INFO [Broker id=1] Leader __consumer_offsets-16 with topic id Some(TOSf3G2kTXShSXlNpZAQeA) starts at leader epoch 2 from offset 0 with partition epoch 2, high watermark 0, ISR [1], adding replicas [] and removing replicas [] . Previous leader Some(-1) and previous leader epoch was 1. (state.change.logger)
[2025-04-21 13:28:58,405] INFO [Broker id=1] Leader __consumer_offsets-45 with topic id Some(TOSf3G2kTXShSXlNpZAQeA) starts at leader epoch 2 from offset 0 with partition epoch 2, high watermark 0, ISR [1], adding replicas [] and removing replicas [] . Previous leader Some(-1) and previous leader epoch was 1. (state.change.logger)
[2025-04-21 13:28:58,408] INFO [Broker id=1] Leader __consumer_offsets-12 with topic id Some(TOSf3G2kTXShSXlNpZAQeA) starts at leader epoch 2 from offset 0 with partition epoch 2, high watermark 0, ISR [1], adding replicas [] and removing replicas [] . Previous leader Some(-1) and previous leader epoch was 1. (state.change.logger)
[2025-04-21 13:28:58,412] INFO [Broker id=1] Leader __consumer_offsets-41 with topic id Some(TOSf3G2kTXShSXlNpZAQeA) starts at leader epoch 2 from offset 0 with partition epoch 2, high watermark 0, ISR [1], adding replicas [] and removing replicas [] . Previous leader Some(-1) and previous leader epoch was 1. (state.change.logger)
[2025-04-21 13:28:58,416] INFO [Broker id=1] Leader __consumer_offsets-24 with topic id Some(TOSf3G2kTXShSXlNpZAQeA) starts at leader epoch 2 from offset 0 with partition epoch 2, high watermark 0, ISR [1], adding replicas [] and removing replicas [] . Previous leader Some(-1) and previous leader epoch was 1. (state.change.logger)
[2025-04-21 13:28:58,419] INFO [Broker id=1] Leader __consumer_offsets-20 with topic id Some(TOSf3G2kTXShSXlNpZAQeA) starts at leader epoch 2 from offset 0 with partition epoch 2, high watermark 0, ISR [1], adding replicas [] and removing replicas [] . Previous leader Some(-1) and previous leader epoch was 1. (state.change.logger)
[2025-04-21 13:28:58,422] INFO [Broker id=1] Leader __consumer_offsets-49 with topic id Some(TOSf3G2kTXShSXlNpZAQeA) starts at leader epoch 2 from offset 0 with partition epoch 2, high watermark 0, ISR [1], adding replicas [] and removing replicas [] . Previous leader Some(-1) and previous leader epoch was 1. (state.change.logger)
[2025-04-21 13:28:58,425] INFO [Broker id=1] Leader __consumer_offsets-0 with topic id Some(TOSf3G2kTXShSXlNpZAQeA) starts at leader epoch 2 from offset 0 with partition epoch 2, high watermark 0, ISR [1], adding replicas [] and removing replicas [] . Previous leader Some(-1) and previous leader epoch was 1. (state.change.logger)
[2025-04-21 13:28:58,428] INFO [Broker id=1] Leader __consumer_offsets-29 with topic id Some(TOSf3G2kTXShSXlNpZAQeA) starts at leader epoch 2 from offset 0 with partition epoch 2, high watermark 0, ISR [1], adding replicas [] and removing replicas [] . Previous leader Some(-1) and previous leader epoch was 1. (state.change.logger)
[2025-04-21 13:28:58,431] INFO [Broker id=1] Leader __consumer_offsets-25 with topic id Some(TOSf3G2kTXShSXlNpZAQeA) starts at leader epoch 2 from offset 0 with partition epoch 2, high watermark 0, ISR [1], adding replicas [] and removing replicas [] . Previous leader Some(-1) and previous leader epoch was 1. (state.change.logger)
[2025-04-21 13:28:58,434] INFO [Broker id=1] Leader __consumer_offsets-8 with topic id Some(TOSf3G2kTXShSXlNpZAQeA) starts at leader epoch 2 from offset 0 with partition epoch 2, high watermark 0, ISR [1], adding replicas [] and removing replicas [] . Previous leader Some(-1) and previous leader epoch was 1. (state.change.logger)
[2025-04-21 13:28:58,437] INFO [Broker id=1] Leader __consumer_offsets-37 with topic id Some(TOSf3G2kTXShSXlNpZAQeA) starts at leader epoch 2 from offset 0 with partition epoch 2, high watermark 0, ISR [1], adding replicas [] and removing replicas [] . Previous leader Some(-1) and previous leader epoch was 1. (state.change.logger)
[2025-04-21 13:28:58,440] INFO [Broker id=1] Leader __consumer_offsets-4 with topic id Some(TOSf3G2kTXShSXlNpZAQeA) starts at leader epoch 2 from offset 0 with partition epoch 2, high watermark 0, ISR [1], adding replicas [] and removing replicas [] . Previous leader Some(-1) and previous leader epoch was 1. (state.change.logger)
[2025-04-21 13:28:58,444] INFO [Broker id=1] Leader __consumer_offsets-33 with topic id Some(TOSf3G2kTXShSXlNpZAQeA) starts at leader epoch 2 from offset 0 with partition epoch 2, high watermark 0, ISR [1], adding replicas [] and removing replicas [] . Previous leader Some(-1) and previous leader epoch was 1. (state.change.logger)
[2025-04-21 13:28:58,447] INFO [Broker id=1] Leader __consumer_offsets-15 with topic id Some(TOSf3G2kTXShSXlNpZAQeA) starts at leader epoch 2 from offset 0 with partition epoch 2, high watermark 0, ISR [1], adding replicas [] and removing replicas [] . Previous leader Some(-1) and previous leader epoch was 1. (state.change.logger)
[2025-04-21 13:28:58,450] INFO [Broker id=1] Leader __consumer_offsets-48 with topic id Some(TOSf3G2kTXShSXlNpZAQeA) starts at leader epoch 2 from offset 0 with partition epoch 2, high watermark 0, ISR [1], adding replicas [] and removing replicas [] . Previous leader Some(-1) and previous leader epoch was 1. (state.change.logger)
[2025-04-21 13:28:58,453] INFO [Broker id=1] Leader __consumer_offsets-11 with topic id Some(TOSf3G2kTXShSXlNpZAQeA) starts at leader epoch 2 from offset 0 with partition epoch 2, high watermark 0, ISR [1], adding replicas [] and removing replicas [] . Previous leader Some(-1) and previous leader epoch was 1. (state.change.logger)
[2025-04-21 13:28:58,456] INFO [Broker id=1] Leader __consumer_offsets-44 with topic id Some(TOSf3G2kTXShSXlNpZAQeA) starts at leader epoch 2 from offset 0 with partition epoch 2, high watermark 0, ISR [1], adding replicas [] and removing replicas [] . Previous leader Some(-1) and previous leader epoch was 1. (state.change.logger)
[2025-04-21 13:28:58,460] INFO [Broker id=1] Leader __consumer_offsets-23 with topic id Some(TOSf3G2kTXShSXlNpZAQeA) starts at leader epoch 2 from offset 0 with partition epoch 2, high watermark 0, ISR [1], adding replicas [] and removing replicas [] . Previous leader Some(-1) and previous leader epoch was 1. (state.change.logger)
[2025-04-21 13:28:58,463] INFO [Broker id=1] Leader alarm-topic-0 with topic id Some(Da_IZYUmQ1u-xN4jfmngbw) starts at leader epoch 2 from offset 1 with partition epoch 2, high watermark 1, ISR [1], adding replicas [] and removing replicas [] . Previous leader Some(-1) and previous leader epoch was 1. (state.change.logger)
[2025-04-21 13:28:58,466] INFO [Broker id=1] Leader __consumer_offsets-19 with topic id Some(TOSf3G2kTXShSXlNpZAQeA) starts at leader epoch 2 from offset 0 with partition epoch 2, high watermark 0, ISR [1], adding replicas [] and removing replicas [] . Previous leader Some(-1) and previous leader epoch was 1. (state.change.logger)
[2025-04-21 13:28:58,469] INFO [Broker id=1] Leader __consumer_offsets-32 with topic id Some(TOSf3G2kTXShSXlNpZAQeA) starts at leader epoch 2 from offset 0 with partition epoch 2, high watermark 0, ISR [1], adding replicas [] and removing replicas [] . Previous leader Some(-1) and previous leader epoch was 1. (state.change.logger)
[2025-04-21 13:28:58,472] INFO [Broker id=1] Leader __consumer_offsets-28 with topic id Some(TOSf3G2kTXShSXlNpZAQeA) starts at leader epoch 2 from offset 0 with partition epoch 2, high watermark 0, ISR [1], adding replicas [] and removing replicas [] . Previous leader Some(-1) and previous leader epoch was 1. (state.change.logger)
[2025-04-21 13:28:58,476] INFO [Broker id=1] Leader __consumer_offsets-7 with topic id Some(TOSf3G2kTXShSXlNpZAQeA) starts at leader epoch 2 from offset 3 with partition epoch 2, high watermark 3, ISR [1], adding replicas [] and removing replicas [] . Previous leader Some(-1) and previous leader epoch was 1. (state.change.logger)
[2025-04-21 13:28:58,479] INFO [Broker id=1] Leader __consumer_offsets-40 with topic id Some(TOSf3G2kTXShSXlNpZAQeA) starts at leader epoch 2 from offset 0 with partition epoch 2, high watermark 0, ISR [1], adding replicas [] and removing replicas [] . Previous leader Some(-1) and previous leader epoch was 1. (state.change.logger)
[2025-04-21 13:28:58,482] INFO [Broker id=1] Leader __consumer_offsets-3 with topic id Some(TOSf3G2kTXShSXlNpZAQeA) starts at leader epoch 2 from offset 0 with partition epoch 2, high watermark 0, ISR [1], adding replicas [] and removing replicas [] . Previous leader Some(-1) and previous leader epoch was 1. (state.change.logger)
[2025-04-21 13:28:58,485] INFO [Broker id=1] Leader __consumer_offsets-36 with topic id Some(TOSf3G2kTXShSXlNpZAQeA) starts at leader epoch 2 from offset 0 with partition epoch 2, high watermark 0, ISR [1], adding replicas [] and removing replicas [] . Previous leader Some(-1) and previous leader epoch was 1. (state.change.logger)
[2025-04-21 13:28:58,488] INFO [Broker id=1] Leader __consumer_offsets-47 with topic id Some(TOSf3G2kTXShSXlNpZAQeA) starts at leader epoch 2 from offset 0 with partition epoch 2, high watermark 0, ISR [1], adding replicas [] and removing replicas [] . Previous leader Some(-1) and previous leader epoch was 1. (state.change.logger)
[2025-04-21 13:28:58,491] INFO [Broker id=1] Leader __consumer_offsets-14 with topic id Some(TOSf3G2kTXShSXlNpZAQeA) starts at leader epoch 2 from offset 0 with partition epoch 2, high watermark 0, ISR [1], adding replicas [] and removing replicas [] . Previous leader Some(-1) and previous leader epoch was 1. (state.change.logger)
[2025-04-21 13:28:58,493] INFO [Broker id=1] Leader __consumer_offsets-43 with topic id Some(TOSf3G2kTXShSXlNpZAQeA) starts at leader epoch 2 from offset 0 with partition epoch 2, high watermark 0, ISR [1], adding replicas [] and removing replicas [] . Previous leader Some(-1) and previous leader epoch was 1. (state.change.logger)
[2025-04-21 13:28:58,498] INFO [Broker id=1] Leader __consumer_offsets-10 with topic id Some(TOSf3G2kTXShSXlNpZAQeA) starts at leader epoch 2 from offset 0 with partition epoch 2, high watermark 0, ISR [1], adding replicas [] and removing replicas [] . Previous leader Some(-1) and previous leader epoch was 1. (state.change.logger)
[2025-04-21 13:28:58,502] INFO [Broker id=1] Leader __consumer_offsets-22 with topic id Some(TOSf3G2kTXShSXlNpZAQeA) starts at leader epoch 2 from offset 0 with partition epoch 2, high watermark 0, ISR [1], adding replicas [] and removing replicas [] . Previous leader Some(-1) and previous leader epoch was 1. (state.change.logger)
[2025-04-21 13:28:58,504] INFO [Broker id=1] Leader __consumer_offsets-18 with topic id Some(TOSf3G2kTXShSXlNpZAQeA) starts at leader epoch 2 from offset 0 with partition epoch 2, high watermark 0, ISR [1], adding replicas [] and removing replicas [] . Previous leader Some(-1) and previous leader epoch was 1. (state.change.logger)
[2025-04-21 13:28:58,508] INFO [Broker id=1] Leader __consumer_offsets-31 with topic id Some(TOSf3G2kTXShSXlNpZAQeA) starts at leader epoch 2 from offset 0 with partition epoch 2, high watermark 0, ISR [1], adding replicas [] and removing replicas [] . Previous leader Some(-1) and previous leader epoch was 1. (state.change.logger)
[2025-04-21 13:28:58,511] INFO [Broker id=1] Leader __consumer_offsets-27 with topic id Some(TOSf3G2kTXShSXlNpZAQeA) starts at leader epoch 2 from offset 0 with partition epoch 2, high watermark 0, ISR [1], adding replicas [] and removing replicas [] . Previous leader Some(-1) and previous leader epoch was 1. (state.change.logger)
[2025-04-21 13:28:58,513] INFO [Broker id=1] Leader __consumer_offsets-39 with topic id Some(TOSf3G2kTXShSXlNpZAQeA) starts at leader epoch 2 from offset 0 with partition epoch 2, high watermark 0, ISR [1], adding replicas [] and removing replicas [] . Previous leader Some(-1) and previous leader epoch was 1. (state.change.logger)
[2025-04-21 13:28:58,517] INFO [Broker id=1] Leader __consumer_offsets-6 with topic id Some(TOSf3G2kTXShSXlNpZAQeA) starts at leader epoch 2 from offset 0 with partition epoch 2, high watermark 0, ISR [1], adding replicas [] and removing replicas [] . Previous leader Some(-1) and previous leader epoch was 1. (state.change.logger)
[2025-04-21 13:28:58,520] INFO [Broker id=1] Leader __consumer_offsets-35 with topic id Some(TOSf3G2kTXShSXlNpZAQeA) starts at leader epoch 2 from offset 0 with partition epoch 2, high watermark 0, ISR [1], adding replicas [] and removing replicas [] . Previous leader Some(-1) and previous leader epoch was 1. (state.change.logger)
[2025-04-21 13:28:58,523] INFO [Broker id=1] Leader __consumer_offsets-2 with topic id Some(TOSf3G2kTXShSXlNpZAQeA) starts at leader epoch 2 from offset 0 with partition epoch 2, high watermark 0, ISR [1], adding replicas [] and removing replicas [] . Previous leader Some(-1) and previous leader epoch was 1. (state.change.logger)
